<?xml version="1.0" encoding="UTF-8"?>
<testsuite xmlns:xsi="http://www.w3.org/2001/XMLSchema-instance" xsi:noNamespaceSchemaLocation="https://maven.apache.org/surefire/maven-surefire-plugin/xsd/surefire-test-report-3.0.xsd" version="3.0" name="com.learnmaven.mavendemo.AppTest" time="0.003" tests="3" errors="0" skipped="0" failures="0">
  <properties>
    <property name="sun.desktop" value="windows"/>
    <property name="awt.toolkit" value="sun.awt.windows.WToolkit"/>
    <property name="file.encoding.pkg" value="sun.io"/>
    <property name="java.specification.version" value="1.8"/>
    <property name="sun.cpu.isalist" value="amd64"/>
    <property name="sun.jnu.encoding" value="Cp1252"/>
    <property name="java.class.path" value="C:\Users\sg0302620\Desktop\jenkins\JENKINSHOME\workspace\MavenProject\mavendemo\target\test-classes;C:\Users\sg0302620\Desktop\jenkins\JENKINSHOME\workspace\MavenProject\mavendemo\target\classes;C:\Users\sg0302620\Desktop\jenkins\Maven\apache-maven-3.6.1\repo\junit\junit\3.8.1\junit-3.8.1.jar;C:\Users\sg0302620\Desktop\jenkins\Maven\apache-maven-3.6.1\repo\log4j\log4j\1.2.17\log4j-1.2.17.jar;"/>
    <property name="java.vm.vendor" value="Oracle Corporation"/>
    <property name="sun.arch.data.model" value="64"/>
    <property name="user.variant" value=""/>
    <property name="java.vendor.url" value="http://java.oracle.com/"/>
    <property name="user.timezone" value="Europe/Belgrade"/>
    <property name="java.vm.specification.version" value="1.8"/>
    <property name="os.name" value="Windows 7"/>
    <property name="user.country" value="US"/>
    <property name="sun.java.launcher" value="SUN_STANDARD"/>
    <property name="sun.boot.library.path" value="C:\Program Files\Java\jdk1.8.0_212\jre\bin"/>
    <property name="sun.java.command" value="C:\Users\sg0302620\AppData\Local\Temp\surefire6089918038355890532\surefirebooter9003378050578297940.jar C:\Users\sg0302620\AppData\Local\Temp\surefire6089918038355890532 2019-06-07T17-45-15_126-jvmRun1 surefire5732957071917363276tmp surefire_08106249110275978892tmp"/>
    <property name="surefire.test.class.path" value="C:\Users\sg0302620\Desktop\jenkins\JENKINSHOME\workspace\MavenProject\mavendemo\target\test-classes;C:\Users\sg0302620\Desktop\jenkins\JENKINSHOME\workspace\MavenProject\mavendemo\target\classes;C:\Users\sg0302620\Desktop\jenkins\Maven\apache-maven-3.6.1\repo\junit\junit\3.8.1\junit-3.8.1.jar;C:\Users\sg0302620\Desktop\jenkins\Maven\apache-maven-3.6.1\repo\log4j\log4j\1.2.17\log4j-1.2.17.jar;"/>
    <property name="sun.cpu.endian" value="little"/>
    <property name="user.home" value="C:\Users\sg0302620"/>
    <property name="user.language" value="en"/>
    <property name="java.specification.vendor" value="Oracle Corporation"/>
    <property name="java.home" value="C:\Program Files\Java\jdk1.8.0_212\jre"/>
    <property name="basedir" value="C:\Users\sg0302620\Desktop\jenkins\JENKINSHOME\workspace\MavenProject\mavendemo"/>
    <property name="file.separator" value="\"/>
    <property name="line.separator" value="&#10;"/>
    <property name="java.vm.specification.vendor" value="Oracle Corporation"/>
    <property name="java.specification.name" value="Java Platform API Specification"/>
    <property name="java.awt.graphicsenv" value="sun.awt.Win32GraphicsEnvironment"/>
    <property name="surefire.real.class.path" value="C:\Users\sg0302620\AppData\Local\Temp\surefire6089918038355890532\surefirebooter9003378050578297940.jar"/>
    <property name="sun.boot.class.path" value="C:\Program Files\Java\jdk1.8.0_212\jre\lib\resources.jar;C:\Program Files\Java\jdk1.8.0_212\jre\lib\rt.jar;C:\Program Files\Java\jdk1.8.0_212\jre\lib\sunrsasign.jar;C:\Program Files\Java\jdk1.8.0_212\jre\lib\jsse.jar;C:\Program Files\Java\jdk1.8.0_212\jre\lib\jce.jar;C:\Program Files\Java\jdk1.8.0_212\jre\lib\charsets.jar;C:\Program Files\Java\jdk1.8.0_212\jre\lib\jfr.jar;C:\Program Files\Java\jdk1.8.0_212\jre\classes"/>
    <property name="user.script" value=""/>
    <property name="sun.management.compiler" value="HotSpot 64-Bit Tiered Compilers"/>
    <property name="java.runtime.version" value="1.8.0_212-b10"/>
    <property name="user.name" value="SG0302620"/>
    <property name="path.separator" value=";"/>
    <property name="os.version" value="6.1"/>
    <property name="java.endorsed.dirs" value="C:\Program Files\Java\jdk1.8.0_212\jre\lib\endorsed"/>
    <property name="java.runtime.name" value="Java(TM) SE Runtime Environment"/>
    <property name="file.encoding" value="Cp1252"/>
    <property name="java.vm.name" value="Java HotSpot(TM) 64-Bit Server VM"/>
    <property name="localRepository" value="C:\Users\sg0302620\Desktop\jenkins\Maven\apache-maven-3.6.1\repo"/>
    <property name="java.vendor.url.bug" value="http://bugreport.sun.com/bugreport/"/>
    <property name="java.io.tmpdir" value="C:\Users\SG0302~1\AppData\Local\Temp\"/>
    <property name="java.version" value="1.8.0_212"/>
    <property name="user.dir" value="C:\Users\sg0302620\Desktop\jenkins\JENKINSHOME\workspace\MavenProject\mavendemo"/>
    <property name="os.arch" value="amd64"/>
    <property name="java.vm.specification.name" value="Java Virtual Machine Specification"/>
    <property name="java.awt.printerjob" value="sun.awt.windows.WPrinterJob"/>
    <property name="sun.os.patch.level" value="Service Pack 1"/>
    <property name="java.library.path" value="C:\Program Files\Java\jdk1.8.0_212\jre\bin;C:\windows\Sun\Java\bin;C:\windows\system32;C:\windows;C:\Users\sg0302620\Desktop\jenkins\Maven\apache-maven-3.6.1/bin;C:\Program Files (x86)\Common Files\Oracle\Java\javapath;C:\ProgramData\Oracle\Java\javapath;C:\windows\system32;C:\windows;C:\windows\System32\Wbem;C:\windows\System32\WindowsPowerShell\v1.0\;C:\Program Files (x86)\WebEx\Productivity Tools;C:\Program Files\PuTTY\;C:\PROGRA~2\Groovy\GROOVY~1.0\bin;C:\Program Files (x86)\Sennheiser\SoftphoneSDK\;C:\Program Files\nodejs\;C:\Program Files (x86)\Webex\Webex\Applications;C:\Program Files\TortoiseSVN\bin;C:\Program Files\TortoiseGit\bin;C:\Users\sg0302620\Desktop\jenkins\Maven\apache-maven-3.6.1\bin;C:\Users\sg0302620\AppData\Local\atom\bin;C:\Program Files\nodejs\;C:\Users\sg0302620\AppData\Roaming\npm;."/>
    <property name="java.vm.info" value="mixed mode"/>
    <property name="java.vendor" value="Oracle Corporation"/>
    <property name="java.vm.version" value="25.212-b10"/>
    <property name="java.ext.dirs" value="C:\Program Files\Java\jdk1.8.0_212\jre\lib\ext;C:\windows\Sun\Java\lib\ext"/>
    <property name="sun.io.unicode.encoding" value="UnicodeLittle"/>
    <property name="java.class.version" value="52.0"/>
  </properties>
  <testcase name="testApp" classname="com.learnmaven.mavendemo.AppTest" time="0"/>
  <testcase name="testDivide" classname="com.learnmaven.mavendemo.AppTest" time="0"/>
  <testcase name="testSubstract" classname="com.learnmaven.mavendemo.AppTest" time="0"/>
</testsuite>